<?xml version="1.0" encoding="utf-8"?><testsuites name="pytest tests"><testsuite name="pytest" errors="0" failures="0" skipped="0" tests="18" time="0.235" timestamp="2026-05-04T16:50:20.339307+05:30" hostname="C8LAP1225"><testcase classname="tests.test_feature_test_report" name="test_generic_api_tool_hub_includes_expense_specific_integration" time="0.014" /><testcase classname="tests.test_feature_test_report" name="test_transportation_cost_and_reimbursement_domain_model_ui_and_connector_present" time="0.009" /><testcase classname="tests.test_feature_test_report" name="test_concrete_target_rest_api_connector_present" time="0.009" /><testcase classname="tests.test_feature_test_report" name="test_fixed_mcp_tool_set_present" time="0.008" /><testcase classname="tests.test_feature_test_report" name="test_normalized_expense_application_shape_present" time="0.008" /><testcase classname="tests.test_feature_test_report" name="test_local_http_dev_setup_exists_and_no_tls_deployment_config_present" time="0.008" /><testcase classname="tests.test_feature_test_report" name="test_read_only_mode_enforcement_missing" time="0.008" /><testcase classname="tests.test_feature_test_report" name="test_dry_run_mode_found_for_tool_execution" time="0.009" /><testcase classname="tests.test_feature_test_report" name="test_sla_budget_and_five_second_timeout_present" time="0.010" /><testcase classname="tests.test_feature_test_report" name="test_emergency_stop_and_safe_mode_control_present" time="0.008" /><testcase classname="tests.test_feature_test_report" name="test_request_trace_id_middleware_and_propagation_present" time="0.009" /><testcase classname="tests.test_feature_test_report" name="test_document_and_result_masking_layer_present" time="0.013" /><testcase classname="tests.test_feature_test_report" name="test_explicit_dev_stg_prod_config_separation_present" time="0.013" /><testcase classname="tests.test_feature_test_report" name="test_incident_response_aggregation_workflow_and_ui_present" time="0.011" /><testcase classname="tests.test_feature_test_report" name="test_masking_layer_is_actually_present_to_inform_report" time="0.009" /><testcase classname="tests.test_feature_test_report" name="test_reported_paths_have_target_content[frontend/src/pages/Expenses.jsx-Target REST File Download]" time="0.013" /><testcase classname="tests.test_feature_test_report" name="test_reported_paths_have_target_content[backend/routers/domain.py-expense-reports]" time="0.009" /><testcase classname="tests.test_feature_test_report" name="test_reported_paths_have_target_content[backend/routers/mcp.py-expense.get_application_info]" time="0.009" /></testsuite></testsuites>